c:\projects\namedpipeoverlapped\ipcserver2\ipcserver2\debug\ipcserver2.pch
c:\projects\namedpipeoverlapped\ipcserver2\ipcserver2\debug\vc142.pdb
c:\projects\namedpipeoverlapped\ipcserver2\ipcserver2\debug\vc142.idb
c:\projects\namedpipeoverlapped\ipcserver2\ipcserver2\debug\stdafx.obj
c:\projects\namedpipeoverlapped\ipcserver2\ipcserver2\debug\recognitionconfig.obj
c:\projects\namedpipeoverlapped\ipcserver2\ipcserver2\debug\ipcserver2dlg.obj
c:\projects\namedpipeoverlapped\ipcserver2\ipcserver2\debug\ipcserver2.obj
c:\projects\namedpipeoverlapped\ipcserver2\ipcserver2\debug\namedpipeserver.obj
c:\projects\namedpipeoverlapped\ipcserver2\ipcserver2\debug\namedpipethread.obj
c:\projects\namedpipeoverlapped\ipcserver2\ipcserver2\debug\typeconv.obj
c:\projects\namedpipeoverlapped\ipcserver2\ipcserver2\debug\mersenne.obj
c:\projects\namedpipeoverlapped\ipcserver2\ipcserver2\debug\iofile.obj
c:\projects\namedpipeoverlapped\ipcserver2\ipcserver2\debug\inifile.obj
c:\projects\namedpipeoverlapped\ipcserver2\ipcserver2\debug\clientthread.obj
c:\projects\namedpipeoverlapped\ipcserver2\debug\ipcserver2.ilk
c:\projects\namedpipeoverlapped\ipcserver2\debug\ipcserver2.exe
c:\projects\namedpipeoverlapped\ipcserver2\debug\ipcserver2.pdb
c:\projects\namedpipeoverlapped\ipcserver2\ipcserver2\debug\ipcserver2.res
c:\projects\namedpipeoverlapped\ipcserver2\ipcserver2\debug\ipcserver2.tlog\cl.command.1.tlog
c:\projects\namedpipeoverlapped\ipcserver2\ipcserver2\debug\ipcserver2.tlog\cl.read.1.tlog
c:\projects\namedpipeoverlapped\ipcserver2\ipcserver2\debug\ipcserver2.tlog\cl.write.1.tlog
c:\projects\namedpipeoverlapped\ipcserver2\ipcserver2\debug\ipcserver2.tlog\link.command.1.tlog
c:\projects\namedpipeoverlapped\ipcserver2\ipcserver2\debug\ipcserver2.tlog\link.read.1.tlog
c:\projects\namedpipeoverlapped\ipcserver2\ipcserver2\debug\ipcserver2.tlog\link.write.1.tlog
c:\projects\namedpipeoverlapped\ipcserver2\ipcserver2\debug\ipcserver2.tlog\rc.command.1.tlog
c:\projects\namedpipeoverlapped\ipcserver2\ipcserver2\debug\ipcserver2.tlog\rc.read.1.tlog
c:\projects\namedpipeoverlapped\ipcserver2\ipcserver2\debug\ipcserver2.tlog\rc.write.1.tlog
